============================= test session starts ==============================
platform linux -- Python 3.12.3, pytest-9.0.2, pluggy-1.6.0 -- /home/jules/.local/share/pipx/venvs/pytest/bin/python
cachedir: .pytest_cache
rootdir: /app
collecting ... collected 41 items

tests/test_blender_extract_logic.py::TestBlenderExtractLogic::test_extract_glb_no_geometry PASSED [  2%]
tests/test_blender_extract_security.py::TestBlenderExtractSecurity::test_is_safe_uri PASSED [  4%]
tests/test_blender_extract_security.py::TestBlenderExtractSecurity::test_validate_gltf_path_safe_gltf PASSED [  7%]
tests/test_blender_extract_security.py::TestBlenderExtractSecurity::test_validate_gltf_path_unsafe_gltf PASSED [  9%]
tests/test_blender_worker.py::TestBlenderWorker::test_clears_split_normals PASSED [ 12%]
tests/test_blender_worker.py::TestBlenderWorker::test_mattening_removes_metallic_and_fixes_roughness PASSED [ 14%]
tests/test_blender_worker.py::TestBlenderWorker::test_missing_input_exits_with_error PASSED [ 17%]
tests/test_blender_worker.py::TestBlenderWorker::test_remove_doubles_threshold PASSED [ 19%]
tests/test_blender_worker_args.py::TestBlenderWorkerArgs::test_build_args_defaults PASSED [ 21%]
tests/test_blender_worker_args.py::TestBlenderWorkerArgs::test_build_args_missing_required PASSED [ 24%]
tests/test_blender_worker_args.py::TestBlenderWorkerArgs::test_build_args_parsing_valid PASSED [ 26%]
tests/test_blender_worker_args.py::TestBlenderWorkerArgs::test_build_args_returns_parser PASSED [ 29%]
tests/test_blender_worker_security.py::TestBlenderWorkerSecurity::test_is_safe_uri PASSED [ 31%]
tests/test_blender_worker_security.py::TestBlenderWorkerSecurity::test_validate_glb_safe PASSED [ 34%]
tests/test_blender_worker_security.py::TestBlenderWorkerSecurity::test_validate_glb_unsafe PASSED [ 36%]
tests/test_blender_worker_security.py::TestBlenderWorkerSecurity::test_validate_gltf_encoded_traversal PASSED [ 39%]
tests/test_blender_worker_security.py::TestBlenderWorkerSecurity::test_validate_gltf_safe PASSED [ 41%]
tests/test_blender_worker_security.py::TestBlenderWorkerSecurity::test_validate_gltf_unsafe_buffer PASSED [ 43%]
tests/test_blender_worker_security.py::TestBlenderWorkerSecurity::test_validate_gltf_unsafe_image PASSED [ 46%]
tests/test_main_pipeline.py::TestMainPipeline::test_get_app_paths_frozen_with_meipass FAILED [ 48%]
tests/test_main_pipeline.py::TestMainPipeline::test_get_app_paths_frozen_without_meipass FAILED [ 51%]
tests/test_main_pipeline.py::TestMainPipeline::test_get_app_paths_not_frozen FAILED [ 53%]
tests/test_main_pipeline.py::TestMainPipeline::test_get_files_to_process_batch PASSED [ 56%]
tests/test_main_pipeline.py::TestMainPipeline::test_get_files_to_process_single_path_traversal PASSED [ 58%]
tests/test_main_pipeline.py::TestMainPipeline::test_get_files_to_process_single_prompt PASSED [ 60%]
tests/test_main_pipeline.py::TestMainPipeline::test_get_files_to_process_single_with_input PASSED [ 63%]
tests/test_main_pipeline.py::TestMainPipeline::test_get_files_to_process_single_with_input_no_ext PASSED [ 65%]
tests/test_main_pipeline.py::TestMainPipeline::test_get_processing_mode_args_provided PASSED [ 68%]
tests/test_main_pipeline.py::TestMainPipeline::test_get_processing_mode_input_1 PASSED [ 70%]
tests/test_main_pipeline.py::TestMainPipeline::test_get_processing_mode_input_2 PASSED [ 73%]
tests/test_main_pipeline.py::TestMainPipeline::test_get_processing_mode_input_3 PASSED [ 75%]
tests/test_main_pipeline.py::TestMainPipeline::test_get_processing_mode_input_invalid PASSED [ 78%]
tests/test_main_pipeline.py::TestMainPipeline::test_process_file_success_moves_file FAILED [ 80%]
tests/test_main_pipeline.py::TestMainPipeline::test_select_profile_invalid_args_profile PASSED [ 82%]
tests/test_main_pipeline_security.py::TestMainPipelineSecurity::test_get_files_to_process_absolute_path PASSED [ 85%]
tests/test_main_pipeline_security.py::TestMainPipelineSecurity::test_get_files_to_process_path_traversal_args PASSED [ 87%]
tests/test_main_pipeline_security.py::TestMainPipelineSecurity::test_get_files_to_process_path_traversal_input PASSED [ 90%]
tests/test_meshy_feeder_retry.py::TestMeshyFeederRetry::test_download_model_retry_limit FAILED [ 92%]
tests/test_meshy_feeder_security.py::TestMeshyFeederSecurity::test_create_meshy_task_timeout FAILED [ 95%]
tests/test_meshy_feeder_security.py::TestMeshyFeederSecurity::test_download_model_api_timeout_exception